2026-04-03 10:35:29  INFO      src.processor — Loaded 17676 raw records from data/air_quality.db
2026-04-03 10:35:29  INFO      src.processor — Cleaning data (input shape: (17676, 19))…
2026-04-03 10:35:29  INFO      src.processor — Removed 0 duplicate rows.
2026-04-03 10:35:30  INFO      src.processor — Clean data shape: (17676, 19)
2026-04-03 10:35:30  INFO      src.processor — Engineering features…
2026-04-03 10:35:30  INFO      src.processor — Features engineered. Final shape: (17676, 39)
2026-04-03 10:35:30  INFO      src.processor — ML dataset: 17640 samples × 28 features
2026-04-03 10:35:30  INFO      src.trainer — ML pipeline starting — 17640 samples, 28 features
2026-04-03 10:35:30  INFO      src.trainer — Training LinearRegression     …
2026-04-03 10:35:35  INFO      src.trainer —   LinearRegression     RMSE=  0.000  MAE=  0.000  R²=1.0000  CV-RMSE=  0.000
2026-04-03 10:35:35  INFO      src.trainer — Training Ridge                …
2026-04-03 10:35:38  INFO      src.trainer —   Ridge                RMSE=  0.282  MAE=  0.207  R²=1.0000  CV-RMSE=  0.411
2026-04-03 10:35:38  INFO      src.trainer — Training Lasso                …
2026-04-03 10:35:47  INFO      src.trainer —   Lasso                RMSE=  3.202  MAE=  2.324  R²=0.9962  CV-RMSE=  3.210
2026-04-03 10:35:47  INFO      src.trainer — Training RandomForest         …
2026-04-03 10:36:20  INFO      src.trainer —   RandomForest         RMSE=  5.558  MAE=  4.012  R²=0.9886  CV-RMSE=  5.783
2026-04-03 10:36:20  INFO      src.trainer — Training GradientBoosting     …
2026-04-03 10:36:45  INFO      src.trainer —   GradientBoosting     RMSE=  5.941  MAE=  4.522  R²=0.9870  CV-RMSE=  5.956
2026-04-03 10:36:45  INFO      src.trainer — Training ExtraTrees           …
2026-04-03 10:37:02  INFO      src.trainer —   ExtraTrees           RMSE=  5.600  MAE=  4.119  R²=0.9885  CV-RMSE=  5.789
2026-04-03 10:44:56  INFO      src.processor — Loaded 17676 raw records from data/air_quality.db
2026-04-03 10:44:56  INFO      src.processor — Cleaning data (input shape: (17676, 19))…
2026-04-03 10:44:56  INFO      src.processor — Removed 0 duplicate rows.
2026-04-03 10:44:57  INFO      src.processor — Clean data shape: (17676, 19)
2026-04-03 10:44:57  INFO      src.processor — Engineering features…
2026-04-03 10:44:57  INFO      src.processor — Features engineered. Final shape: (17676, 39)
2026-04-03 10:44:57  INFO      src.processor — ML dataset: 17640 samples × 28 features
2026-04-03 10:44:57  INFO      src.trainer — ML pipeline starting — 17640 samples, 28 features
2026-04-03 10:44:57  INFO      src.trainer — Training LinearRegression     …
2026-04-03 10:45:00  INFO      src.trainer —   LinearRegression     RMSE=  0.000  MAE=  0.000  R²=1.0000  CV-RMSE=  0.000
2026-04-03 10:45:00  INFO      src.trainer — Training Ridge                …
2026-04-03 10:45:03  INFO      src.trainer —   Ridge                RMSE=  0.282  MAE=  0.207  R²=1.0000  CV-RMSE=  0.411
2026-04-03 10:45:03  INFO      src.trainer — Training Lasso                …
2026-04-03 10:45:11  INFO      src.trainer —   Lasso                RMSE=  3.202  MAE=  2.324  R²=0.9962  CV-RMSE=  3.210
2026-04-03 10:45:11  INFO      src.trainer — Training RandomForest         …
2026-04-03 10:45:40  INFO      src.trainer —   RandomForest         RMSE=  5.558  MAE=  4.012  R²=0.9886  CV-RMSE=  5.783
2026-04-03 10:45:40  INFO      src.trainer — Training GradientBoosting     …
2026-04-03 10:46:06  INFO      src.trainer —   GradientBoosting     RMSE=  5.941  MAE=  4.522  R²=0.9870  CV-RMSE=  5.956
2026-04-03 10:46:06  INFO      src.trainer — Training ExtraTrees           …
2026-04-03 10:46:22  INFO      src.trainer —   ExtraTrees           RMSE=  5.600  MAE=  4.119  R²=0.9885  CV-RMSE=  5.789
2026-04-03 11:04:17  INFO      src.processor — Loaded 17700 raw records from data/air_quality.db
2026-04-03 11:04:17  INFO      src.processor — Cleaning data (input shape: (17700, 19))…
2026-04-03 11:04:17  INFO      src.processor — Removed 0 duplicate rows.
2026-04-03 11:04:17  INFO      src.processor — Clean data shape: (17700, 19)
2026-04-03 11:04:17  INFO      src.processor — Engineering features…
2026-04-03 11:04:17  INFO      src.processor — Features engineered. Final shape: (17700, 39)
2026-04-03 11:04:17  INFO      src.processor — ML dataset: 17664 samples × 28 features
2026-04-03 11:04:17  INFO      src.trainer — ML pipeline starting — 17664 samples, 28 features
2026-04-03 11:04:17  INFO      src.trainer — Training LinearRegression     …
2026-04-03 11:04:21  INFO      src.trainer —   LinearRegression     RMSE=  0.000  MAE=  0.000  R²=1.0000  CV-RMSE=  0.000
2026-04-03 11:04:21  INFO      src.trainer — Training Ridge                …
2026-04-03 11:04:23  INFO      src.trainer —   Ridge                RMSE=  0.277  MAE=  0.199  R²=1.0000  CV-RMSE=  0.410
2026-04-03 11:04:23  INFO      src.trainer — Training Lasso                …
2026-04-03 11:04:31  INFO      src.trainer —   Lasso                RMSE=  3.173  MAE=  2.252  R²=0.9962  CV-RMSE=  3.213
2026-04-03 11:04:31  INFO      src.trainer — Training RandomForest         …
2026-04-03 11:05:07  INFO      src.trainer —   RandomForest         RMSE=  5.436  MAE=  3.886  R²=0.9888  CV-RMSE=  5.746
2026-04-03 11:05:07  INFO      src.trainer — Training GradientBoosting     …
2026-04-03 11:05:32  INFO      src.trainer —   GradientBoosting     RMSE=  5.844  MAE=  4.407  R²=0.9871  CV-RMSE=  5.907
2026-04-03 11:05:32  INFO      src.trainer — Training ExtraTrees           …
2026-04-03 11:05:48  INFO      src.trainer —   ExtraTrees           RMSE=  5.553  MAE=  3.997  R²=0.9883  CV-RMSE=  5.870
